<?xml version="1.0" encoding="utf-8"?><testsuites name="pytest tests"><testsuite name="pytest" errors="0" failures="0" skipped="0" tests="4" time="20.325" timestamp="2026-04-30T06:50:20.942605+00:00" hostname="agent-env-8647d68f-03b1-4f61-9e58-ea40c614e03d"><testcase classname="backend.tests.test_portfolio_api.TestPortfolio" name="test_portfolio_shape_and_count" time="6.310" /><testcase classname="backend.tests.test_portfolio_api.TestPortfolio" name="test_portfolio_normalised_fields" time="0.212" /><testcase classname="backend.tests.test_portfolio_api.TestFacets" name="test_facets_shape" time="0.142" /><testcase classname="backend.tests.test_portfolio_api.TestRefresh" name="test_refresh_returns_timestamp" time="13.599" /></testsuite></testsuites>